# JRE version: OpenJDK Runtime Environment (8.0_202-b03) (build 1.8.0_202-release-1483-b03)
# Java VM: OpenJDK 64-Bit Server VM (25.202-b03 mixed mode windows-amd64 compressed oops)
Heap:
 PSYoungGen      total 360960K, used 302701K [0x00000000e0000000, 0x0000000100000000, 0x0000000100000000)
  eden space 241664K, 100% used [0x00000000e0000000,0x00000000eec00000,0x00000000eec00000)
  from space 119296K, 51% used [0x00000000f8b80000,0x00000000fc71b4b8,0x0000000100000000)
  to   space 141312K, 0% used [0x00000000eec00000,0x00000000eec00000,0x00000000f7600000)
 ParOldGen       total 480256K, used 253799K [0x00000000a0000000, 0x00000000bd500000, 0x00000000e0000000)
  object space 480256K, 52% used [0x00000000a0000000,0x00000000af7d9c98,0x00000000bd500000)
 Metaspace       used 103449K, capacity 106778K, committed 107224K, reserved 1142784K
  class space    used 12978K, capacity 13711K, committed 13824K, reserved 1048576K
GC Heap History (10 events):
Event: 358.032 GC heap after
Heap after GC invocations=50 (full 7):
 PSYoungGen      total 425472K, used 57778K [0x00000000e0000000, 0x0000000100000000, 0x0000000100000000)
  eden space 367616K, 0% used [0x00000000e0000000,0x00000000e0000000,0x00000000f6700000)
  from space 57856K, 99% used [0x00000000f6700000,0x00000000f9f6c8c8,0x00000000f9f80000)
  to   space 82432K, 0% used [0x00000000faf80000,0x00000000faf80000,0x0000000100000000)
 ParOldGen       total 415744K, used 262141K [0x00000000a0000000, 0x00000000b9600000, 0x00000000e0000000)
  object space 415744K, 63% used [0x00000000a0000000,0x00000000affff6f0,0x00000000b9600000)
 Metaspace       used 96285K, capacity 99250K, committed 99544K, reserved 1136640K
  class space    used 12038K, capacity 12685K, committed 12800K, reserved 1048576K
}
Event: 363.097 GC heap before
{Heap before GC invocations=51 (full 7):
 PSYoungGen      total 425472K, used 425394K [0x00000000e0000000, 0x0000000100000000, 0x0000000100000000)
  eden space 367616K, 100% used [0x00000000e0000000,0x00000000f6700000,0x00000000f6700000)
  from space 57856K, 99% used [0x00000000f6700000,0x00000000f9f6c8c8,0x00000000f9f80000)
  to   space 82432K, 0% used [0x00000000faf80000,0x00000000faf80000,0x0000000100000000)
 ParOldGen       total 415744K, used 262141K [0x00000000a0000000, 0x00000000b9600000, 0x00000000e0000000)
  object space 415744K, 63% used [0x00000000a0000000,0x00000000affff6f0,0x00000000b9600000)
 Metaspace       used 102522K, capacity 105972K, committed 106072K, reserved 1142784K
  class space    used 12915K, capacity 13656K, committed 13696K, reserved 1048576K
Event: 363.194 GC heap after
Heap after GC invocations=51 (full 7):
 PSYoungGen      total 368128K, used 82427K [0x00000000e0000000, 0x0000000100000000, 0x0000000100000000)
  eden space 285696K, 0% used [0x00000000e0000000,0x00000000e0000000,0x00000000f1700000)
  from space 82432K, 99% used [0x00000000faf80000,0x00000000ffffee70,0x0000000100000000)
  to   space 119296K, 0% used [0x00000000f1700000,0x00000000f1700000,0x00000000f8b80000)
 ParOldGen       total 415744K, used 328927K [0x00000000a0000000, 0x00000000b9600000, 0x00000000e0000000)
  object space 415744K, 79% used [0x00000000a0000000,0x00000000b4137e70,0x00000000b9600000)
 Metaspace       used 102522K, capacity 105972K, committed 106072K, reserved 1142784K
  class space    used 12915K, capacity 13656K, committed 13696K, reserved 1048576K
}
Event: 363.969 GC heap before
{Heap before GC invocations=52 (full 7):
 PSYoungGen      total 368128K, used 368123K [0x00000000e0000000, 0x0000000100000000, 0x0000000100000000)
  eden space 285696K, 100% used [0x00000000e0000000,0x00000000f1700000,0x00000000f1700000)
  from space 82432K, 99% used [0x00000000faf80000,0x00000000ffffee70,0x0000000100000000)
  to   space 119296K, 0% used [0x00000000f1700000,0x00000000f1700000,0x00000000f8b80000)
 ParOldGen       total 415744K, used 328927K [0x00000000a0000000, 0x00000000b9600000, 0x00000000e0000000)
  object space 415744K, 79% used [0x00000000a0000000,0x00000000b4137e70,0x00000000b9600000)
 Metaspace       used 102773K, capacity 106290K, committed 106328K, reserved 1142784K
  class space    used 12946K, capacity 13693K, committed 13696K, reserved 1048576K
Event: 364.091 GC heap after
Heap after GC invocations=52 (full 7):
 PSYoungGen      total 404992K, used 119265K [0x00000000e0000000, 0x0000000100000000, 0x0000000100000000)
  eden space 285696K, 0% used [0x00000000e0000000,0x00000000e0000000,0x00000000f1700000)
  from space 119296K, 99% used [0x00000000f1700000,0x00000000f8b78708,0x00000000f8b80000)
  to   space 119296K, 0% used [0x00000000f8b80000,0x00000000f8b80000,0x0000000100000000)
 ParOldGen       total 415744K, used 357910K [0x00000000a0000000, 0x00000000b9600000, 0x00000000e0000000)
  object space 415744K, 86% used [0x00000000a0000000,0x00000000b5d85840,0x00000000b9600000)
 Metaspace       used 102773K, capacity 106290K, committed 106328K, reserved 1142784K
  class space    used 12946K, capacity 13693K, committed 13696K, reserved 1048576K
}
Event: 364.091 GC heap before
{Heap before GC invocations=53 (full 8):
 PSYoungGen      total 404992K, used 119265K [0x00000000e0000000, 0x0000000100000000, 0x0000000100000000)
  eden space 285696K, 0% used [0x00000000e0000000,0x00000000e0000000,0x00000000f1700000)
  from space 119296K, 99% used [0x00000000f1700000,0x00000000f8b78708,0x00000000f8b80000)
  to   space 119296K, 0% used [0x00000000f8b80000,0x00000000f8b80000,0x0000000100000000)
 ParOldGen       total 415744K, used 357910K [0x00000000a0000000, 0x00000000b9600000, 0x00000000e0000000)
  object space 415744K, 86% used [0x00000000a0000000,0x00000000b5d85840,0x00000000b9600000)
 Metaspace       used 102773K, capacity 106290K, committed 106328K, reserved 1142784K
  class space    used 12946K, capacity 13693K, committed 13696K, reserved 1048576K
Event: 364.726 GC heap after
Heap after GC invocations=53 (full 8):
 PSYoungGen      total 404992K, used 0K [0x00000000e0000000, 0x0000000100000000, 0x0000000100000000)
  eden space 285696K, 0% used [0x00000000e0000000,0x00000000e0000000,0x00000000f1700000)
  from space 119296K, 0% used [0x00000000f1700000,0x00000000f1700000,0x00000000f8b80000)
  to   space 119296K, 0% used [0x00000000f8b80000,0x00000000f8b80000,0x0000000100000000)
 ParOldGen       total 480256K, used 253799K [0x00000000a0000000, 0x00000000bd500000, 0x00000000e0000000)
  object space 480256K, 52% used [0x00000000a0000000,0x00000000af7d9c98,0x00000000bd500000)
 Metaspace       used 102591K, capacity 105818K, committed 106328K, reserved 1142784K
  class space    used 12886K, capacity 13589K, committed 13696K, reserved 1048576K
}
Event: 365.363 GC heap before
{Heap before GC invocations=54 (full 8):
 PSYoungGen      total 404992K, used 285696K [0x00000000e0000000, 0x0000000100000000, 0x0000000100000000)
  eden space 285696K, 100% used [0x00000000e0000000,0x00000000f1700000,0x00000000f1700000)
  from space 119296K, 0% used [0x00000000f1700000,0x00000000f1700000,0x00000000f8b80000)
  to   space 119296K, 0% used [0x00000000f8b80000,0x00000000f8b80000,0x0000000100000000)
 ParOldGen       total 480256K, used 253799K [0x00000000a0000000, 0x00000000bd500000, 0x00000000e0000000)
  object space 480256K, 52% used [0x00000000a0000000,0x00000000af7d9c98,0x00000000bd500000)
 Metaspace       used 102941K, capacity 106238K, committed 106712K, reserved 1142784K
  class space    used 12948K, capacity 13677K, committed 13824K, reserved 1048576K
Event: 365.435 GC heap after
Heap after GC invocations=54 (full 8):
 PSYoungGen      total 360960K, used 61037K [0x00000000e0000000, 0x0000000100000000, 0x0000000100000000)
  eden space 241664K, 0% used [0x00000000e0000000,0x00000000e0000000,0x00000000eec00000)
  from space 119296K, 51% used [0x00000000f8b80000,0x00000000fc71b4b8,0x0000000100000000)
  to   space 141312K, 0% used [0x00000000eec00000,0x00000000eec00000,0x00000000f7600000)
 ParOldGen       total 480256K, used 253799K [0x00000000a0000000, 0x00000000bd500000, 0x00000000e0000000)
  object space 480256K, 52% used [0x00000000a0000000,0x00000000af7d9c98,0x00000000bd500000)
 Metaspace       used 102941K, capacity 106238K, committed 106712K, reserved 1142784K
  class space    used 12948K, capacity 13677K, committed 13824K, reserved 1048576K
}
Event: 366.609 GC heap before
{Heap before GC invocations=55 (full 8):
 PSYoungGen      total 360960K, used 302701K [0x00000000e0000000, 0x0000000100000000, 0x0000000100000000)
  eden space 241664K, 100% used [0x00000000e0000000,0x00000000eec00000,0x00000000eec00000)
  from space 119296K, 51% used [0x00000000f8b80000,0x00000000fc71b4b8,0x0000000100000000)
  to   space 141312K, 0% used [0x00000000eec00000,0x00000000eec00000,0x00000000f7600000)
 ParOldGen       total 480256K, used 253799K [0x00000000a0000000, 0x00000000bd500000, 0x00000000e0000000)
  object space 480256K, 52% used [0x00000000a0000000,0x00000000af7d9c98,0x00000000bd500000)
 Metaspace       used 103449K, capacity 106778K, committed 107224K, reserved 1142784K
  class space    used 12978K, capacity 13711K, committed 13824K, reserved 1048576K

