# JRE version: OpenJDK Runtime Environment (8.0_202-b03) (build 1.8.0_202-release-1483-b03)
# Java VM: OpenJDK 64-Bit Server VM (25.202-b03 mixed mode windows-amd64 compressed oops)
Heap:
 PSYoungGen      total 448000K, used 447993K [0x00000000e0000000, 0x0000000100000000, 0x0000000100000000)
  eden space 371712K, 100% used [0x00000000e0000000,0x00000000f6b00000,0x00000000f6b00000)
  from space 76288K, 99% used [0x00000000f6b00000,0x00000000fb57e508,0x00000000fb580000)
  to   space 76288K, 99% used [0x00000000fb580000,0x00000000ffff8380,0x0000000100000000)
 ParOldGen       total 370176K, used 218205K [0x00000000a0000000, 0x00000000b6980000, 0x00000000e0000000)
  object space 370176K, 58% used [0x00000000a0000000,0x00000000ad5174e0,0x00000000b6980000)
 Metaspace       used 106160K, capacity 109788K, committed 110668K, reserved 1144832K
  class space    used 13448K, capacity 14188K, committed 14452K, reserved 1048576K
GC Heap History (10 events):
Event: 2728.617 GC heap after
Heap after GC invocations=19 (full 3):
 PSYoungGen      total 440320K, used 54247K [0x00000000e0000000, 0x0000000100000000, 0x0000000100000000)
  eden space 386048K, 0% used [0x00000000e0000000,0x00000000e0000000,0x00000000f7900000)
  from space 54272K, 99% used [0x00000000fcb00000,0x00000000ffff9f20,0x0000000100000000)
  to   space 69120K, 0% used [0x00000000f7900000,0x00000000f7900000,0x00000000fbc80000)
 ParOldGen       total 225792K, used 101588K [0x00000000a0000000, 0x00000000adc80000, 0x00000000e0000000)
  object space 225792K, 44% used [0x00000000a0000000,0x00000000a6335238,0x00000000adc80000)
 Metaspace       used 94429K, capacity 98294K, committed 98380K, reserved 1134592K
  class space    used 12260K, capacity 13093K, committed 13172K, reserved 1048576K
}
Event: 2728.617 GC heap before
{Heap before GC invocations=20 (full 4):
 PSYoungGen      total 440320K, used 54247K [0x00000000e0000000, 0x0000000100000000, 0x0000000100000000)
  eden space 386048K, 0% used [0x00000000e0000000,0x00000000e0000000,0x00000000f7900000)
  from space 54272K, 99% used [0x00000000fcb00000,0x00000000ffff9f20,0x0000000100000000)
  to   space 69120K, 0% used [0x00000000f7900000,0x00000000f7900000,0x00000000fbc80000)
 ParOldGen       total 225792K, used 101588K [0x00000000a0000000, 0x00000000adc80000, 0x00000000e0000000)
  object space 225792K, 44% used [0x00000000a0000000,0x00000000a6335238,0x00000000adc80000)
 Metaspace       used 94429K, capacity 98294K, committed 98380K, reserved 1134592K
  class space    used 12260K, capacity 13093K, committed 13172K, reserved 1048576K
Event: 2729.024 GC heap after
Heap after GC invocations=20 (full 4):
 PSYoungGen      total 440320K, used 0K [0x00000000e0000000, 0x0000000100000000, 0x0000000100000000)
  eden space 386048K, 0% used [0x00000000e0000000,0x00000000e0000000,0x00000000f7900000)
  from space 54272K, 0% used [0x00000000fcb00000,0x00000000fcb00000,0x0000000100000000)
  to   space 69120K, 0% used [0x00000000f7900000,0x00000000f7900000,0x00000000fbc80000)
 ParOldGen       total 370176K, used 102992K [0x00000000a0000000, 0x00000000b6980000, 0x00000000e0000000)
  object space 370176K, 27% used [0x00000000a0000000,0x00000000a6494128,0x00000000b6980000)
 Metaspace       used 92603K, capacity 95606K, committed 98380K, reserved 1134592K
  class space    used 11855K, capacity 12521K, committed 13172K, reserved 1048576K
}
Event: 2730.819 GC heap before
{Heap before GC invocations=21 (full 4):
 PSYoungGen      total 440320K, used 386048K [0x00000000e0000000, 0x0000000100000000, 0x0000000100000000)
  eden space 386048K, 100% used [0x00000000e0000000,0x00000000f7900000,0x00000000f7900000)
  from space 54272K, 0% used [0x00000000fcb00000,0x00000000fcb00000,0x0000000100000000)
  to   space 69120K, 0% used [0x00000000f7900000,0x00000000f7900000,0x00000000fbc80000)
 ParOldGen       total 370176K, used 102992K [0x00000000a0000000, 0x00000000b6980000, 0x00000000e0000000)
  object space 370176K, 27% used [0x00000000a0000000,0x00000000a6494128,0x00000000b6980000)
 Metaspace       used 95425K, capacity 98518K, committed 100556K, reserved 1136640K
  class space    used 12140K, capacity 12809K, committed 13300K, reserved 1048576K
Event: 2730.856 GC heap after
Heap after GC invocations=21 (full 4):
 PSYoungGen      total 444928K, used 58410K [0x00000000e0000000, 0x0000000100000000, 0x0000000100000000)
  eden space 386048K, 0% used [0x00000000e0000000,0x00000000e0000000,0x00000000f7900000)
  from space 58880K, 99% used [0x00000000f7900000,0x00000000fb20a960,0x00000000fb280000)
  to   space 75776K, 0% used [0x00000000fb600000,0x00000000fb600000,0x0000000100000000)
 ParOldGen       total 370176K, used 103000K [0x00000000a0000000, 0x00000000b6980000, 0x00000000e0000000)
  object space 370176K, 27% used [0x00000000a0000000,0x00000000a6496128,0x00000000b6980000)
 Metaspace       used 95425K, capacity 98518K, committed 100556K, reserved 1136640K
  class space    used 12140K, capacity 12809K, committed 13300K, reserved 1048576K
}
Event: 2740.297 GC heap before
{Heap before GC invocations=22 (full 4):
 PSYoungGen      total 444928K, used 444458K [0x00000000e0000000, 0x0000000100000000, 0x0000000100000000)
  eden space 386048K, 100% used [0x00000000e0000000,0x00000000f7900000,0x00000000f7900000)
  from space 58880K, 99% used [0x00000000f7900000,0x00000000fb20a960,0x00000000fb280000)
  to   space 75776K, 0% used [0x00000000fb600000,0x00000000fb600000,0x0000000100000000)
 ParOldGen       total 370176K, used 103000K [0x00000000a0000000, 0x00000000b6980000, 0x00000000e0000000)
  object space 370176K, 27% used [0x00000000a0000000,0x00000000a6496128,0x00000000b6980000)
 Metaspace       used 98703K, capacity 101806K, committed 103628K, reserved 1138688K
  class space    used 12432K, capacity 13081K, committed 13556K, reserved 1048576K
Event: 2740.337 GC heap after
Heap after GC invocations=22 (full 4):
 PSYoungGen      total 447488K, used 44884K [0x00000000e0000000, 0x0000000100000000, 0x0000000100000000)
  eden space 371712K, 0% used [0x00000000e0000000,0x00000000e0000000,0x00000000f6b00000)
  from space 75776K, 59% used [0x00000000fb600000,0x00000000fe1d5010,0x0000000100000000)
  to   space 76288K, 0% used [0x00000000f6b00000,0x00000000f6b00000,0x00000000fb580000)
 ParOldGen       total 370176K, used 103008K [0x00000000a0000000, 0x00000000b6980000, 0x00000000e0000000)
  object space 370176K, 27% used [0x00000000a0000000,0x00000000a6498128,0x00000000b6980000)
 Metaspace       used 98703K, capacity 101806K, committed 103628K, reserved 1138688K
  class space    used 12432K, capacity 13081K, committed 13556K, reserved 1048576K
}
Event: 2746.569 GC heap before
{Heap before GC invocations=23 (full 4):
 PSYoungGen      total 447488K, used 416596K [0x00000000e0000000, 0x0000000100000000, 0x0000000100000000)
  eden space 371712K, 100% used [0x00000000e0000000,0x00000000f6b00000,0x00000000f6b00000)
  from space 75776K, 59% used [0x00000000fb600000,0x00000000fe1d5010,0x0000000100000000)
  to   space 76288K, 0% used [0x00000000f6b00000,0x00000000f6b00000,0x00000000fb580000)
 ParOldGen       total 370176K, used 103008K [0x00000000a0000000, 0x00000000b6980000, 0x00000000e0000000)
  object space 370176K, 27% used [0x00000000a0000000,0x00000000a6498128,0x00000000b6980000)
 Metaspace       used 104869K, capacity 108476K, committed 109644K, reserved 1144832K
  class space    used 13377K, capacity 14134K, committed 14452K, reserved 1048576K
Event: 2746.921 GC heap after
Heap after GC invocations=23 (full 4):
 PSYoungGen      total 448000K, used 76281K [0x00000000e0000000, 0x0000000100000000, 0x0000000100000000)
  eden space 371712K, 0% used [0x00000000e0000000,0x00000000e0000000,0x00000000f6b00000)
  from space 76288K, 99% used [0x00000000f6b00000,0x00000000fb57e508,0x00000000fb580000)
  to   space 76288K, 0% used [0x00000000fb580000,0x00000000fb580000,0x0000000100000000)
 ParOldGen       total 370176K, used 205324K [0x00000000a0000000, 0x00000000b6980000, 0x00000000e0000000)
  object space 370176K, 55% used [0x00000000a0000000,0x00000000ac8832b0,0x00000000b6980000)
 Metaspace       used 104869K, capacity 108476K, committed 109644K, reserved 1144832K
  class space    used 13377K, capacity 14134K, committed 14452K, reserved 1048576K
}
Event: 2749.667 GC heap before
{Heap before GC invocations=24 (full 4):
 PSYoungGen      total 448000K, used 447993K [0x00000000e0000000, 0x0000000100000000, 0x0000000100000000)
  eden space 371712K, 100% used [0x00000000e0000000,0x00000000f6b00000,0x00000000f6b00000)
  from space 76288K, 99% used [0x00000000f6b00000,0x00000000fb57e508,0x00000000fb580000)
  to   space 76288K, 0% used [0x00000000fb580000,0x00000000fb580000,0x0000000100000000)
 ParOldGen       total 370176K, used 205324K [0x00000000a0000000, 0x00000000b6980000, 0x00000000e0000000)
  object space 370176K, 55% used [0x00000000a0000000,0x00000000ac8832b0,0x00000000b6980000)
 Metaspace       used 106160K, capacity 109788K, committed 110668K, reserved 1144832K
  class space    used 13448K, capacity 14188K, committed 14452K, reserved 1048576K

