# JRE version: OpenJDK Runtime Environment (8.0_202-b03) (build 1.8.0_202-release-1483-b03)
# Java VM: OpenJDK 64-Bit Server VM (25.202-b03 mixed mode windows-amd64 compressed oops)
Heap:
 PSYoungGen      total 440832K, used 60108K [0x00000000e0000000, 0x00000000ffb00000, 0x0000000100000000)
  eden space 368640K, 15% used [0x00000000e0000000,0x00000000e37ed190,0x00000000f6800000)
  from space 72192K, 3% used [0x00000000f6800000,0x00000000f6ac6238,0x00000000fae80000)
  to   space 70656K, 0% used [0x00000000fb600000,0x00000000fb600000,0x00000000ffb00000)
 ParOldGen       total 613888K, used 302181K [0x00000000a0000000, 0x00000000c5780000, 0x00000000e0000000)
  object space 613888K, 49% used [0x00000000a0000000,0x00000000b27195c0,0x00000000c5780000)
 Metaspace       used 117411K, capacity 123118K, committed 123480K, reserved 1157120K
  class space    used 14511K, capacity 15613K, committed 15744K, reserved 1048576K
GC Heap History (10 events):
Event: 6196.169 GC heap before
{Heap before GC invocations=119 (full 8):
 PSYoungGen      total 439808K, used 381243K [0x00000000e0000000, 0x0000000100000000, 0x0000000100000000)
  eden space 352256K, 98% used [0x00000000e0000000,0x00000000f525c6f0,0x00000000f5800000)
  from space 87552K, 39% used [0x00000000faa80000,0x00000000fcc728e0,0x0000000100000000)
  to   space 84480K, 0% used [0x00000000f5800000,0x00000000f5800000,0x00000000faa80000)
 ParOldGen       total 613888K, used 272372K [0x00000000a0000000, 0x00000000c5780000, 0x00000000e0000000)
  object space 613888K, 44% used [0x00000000a0000000,0x00000000b09fd2e8,0x00000000c5780000)
 Metaspace       used 113019K, capacity 118054K, committed 119640K, reserved 1153024K
  class space    used 14014K, capacity 14944K, committed 15232K, reserved 1048576K
Event: 6196.180 GC heap after
Heap after GC invocations=119 (full 8):
 PSYoungGen      total 371200K, used 18646K [0x00000000e0000000, 0x00000000ff500000, 0x0000000100000000)
  eden space 352256K, 0% used [0x00000000e0000000,0x00000000e0000000,0x00000000f5800000)
  from space 18944K, 98% used [0x00000000f5800000,0x00000000f6a359f8,0x00000000f6a80000)
  to   space 80384K, 0% used [0x00000000fa680000,0x00000000fa680000,0x00000000ff500000)
 ParOldGen       total 613888K, used 279861K [0x00000000a0000000, 0x00000000c5780000, 0x00000000e0000000)
  object space 613888K, 45% used [0x00000000a0000000,0x00000000b114d468,0x00000000c5780000)
 Metaspace       used 113019K, capacity 118054K, committed 119640K, reserved 1153024K
  class space    used 14014K, capacity 14944K, committed 15232K, reserved 1048576K
}
Event: 8075.529 GC heap before
{Heap before GC invocations=120 (full 8):
 PSYoungGen      total 371200K, used 370902K [0x00000000e0000000, 0x00000000ff500000, 0x0000000100000000)
  eden space 352256K, 100% used [0x00000000e0000000,0x00000000f5800000,0x00000000f5800000)
  from space 18944K, 98% used [0x00000000f5800000,0x00000000f6a359f8,0x00000000f6a80000)
  to   space 80384K, 0% used [0x00000000fa680000,0x00000000fa680000,0x00000000ff500000)
 ParOldGen       total 613888K, used 279879K [0x00000000a0000000, 0x00000000c5780000, 0x00000000e0000000)
  object space 613888K, 45% used [0x00000000a0000000,0x00000000b1151ce0,0x00000000c5780000)
 Metaspace       used 113480K, capacity 118764K, committed 119640K, reserved 1153024K
  class space    used 14082K, capacity 15062K, committed 15232K, reserved 1048576K
Event: 8075.547 GC heap after
Heap after GC invocations=120 (full 8):
 PSYoungGen      total 435712K, used 14368K [0x00000000e0000000, 0x0000000100000000, 0x0000000100000000)
  eden space 355328K, 0% used [0x00000000e0000000,0x00000000e0000000,0x00000000f5b00000)
  from space 80384K, 17% used [0x00000000fa680000,0x00000000fb488040,0x00000000ff500000)
  to   space 77312K, 0% used [0x00000000f5b00000,0x00000000f5b00000,0x00000000fa680000)
 ParOldGen       total 613888K, used 280704K [0x00000000a0000000, 0x00000000c5780000, 0x00000000e0000000)
  object space 613888K, 45% used [0x00000000a0000000,0x00000000b1220090,0x00000000c5780000)
 Metaspace       used 113480K, capacity 118764K, committed 119640K, reserved 1153024K
  class space    used 14082K, capacity 15062K, committed 15232K, reserved 1048576K
}
Event: 8079.327 GC heap before
{Heap before GC invocations=121 (full 8):
 PSYoungGen      total 435712K, used 369696K [0x00000000e0000000, 0x0000000100000000, 0x0000000100000000)
  eden space 355328K, 100% used [0x00000000e0000000,0x00000000f5b00000,0x00000000f5b00000)
  from space 80384K, 17% used [0x00000000fa680000,0x00000000fb488040,0x00000000ff500000)
  to   space 77312K, 0% used [0x00000000f5b00000,0x00000000f5b00000,0x00000000fa680000)
 ParOldGen       total 613888K, used 280704K [0x00000000a0000000, 0x00000000c5780000, 0x00000000e0000000)
  object space 613888K, 45% used [0x00000000a0000000,0x00000000b1220090,0x00000000c5780000)
 Metaspace       used 113543K, capacity 118842K, committed 119640K, reserved 1153024K
  class space    used 14089K, capacity 15075K, committed 15232K, reserved 1048576K
Event: 8079.353 GC heap after
Heap after GC invocations=121 (full 8):
 PSYoungGen      total 432640K, used 14470K [0x00000000e0000000, 0x00000000ff700000, 0x0000000100000000)
  eden space 355328K, 0% used [0x00000000e0000000,0x00000000e0000000,0x00000000f5b00000)
  from space 77312K, 18% used [0x00000000f5b00000,0x00000000f6921ac0,0x00000000fa680000)
  to   space 74240K, 0% used [0x00000000fae80000,0x00000000fae80000,0x00000000ff700000)
 ParOldGen       total 613888K, used 293931K [0x00000000a0000000, 0x00000000c5780000, 0x00000000e0000000)
  object space 613888K, 47% used [0x00000000a0000000,0x00000000b1f0ad08,0x00000000c5780000)
 Metaspace       used 113543K, capacity 118842K, committed 119640K, reserved 1153024K
  class space    used 14089K, capacity 15075K, committed 15232K, reserved 1048576K
}
Event: 8085.563 GC heap before
{Heap before GC invocations=122 (full 8):
 PSYoungGen      total 432640K, used 369798K [0x00000000e0000000, 0x00000000ff700000, 0x0000000100000000)
  eden space 355328K, 100% used [0x00000000e0000000,0x00000000f5b00000,0x00000000f5b00000)
  from space 77312K, 18% used [0x00000000f5b00000,0x00000000f6921ac0,0x00000000fa680000)
  to   space 74240K, 0% used [0x00000000fae80000,0x00000000fae80000,0x00000000ff700000)
 ParOldGen       total 613888K, used 293931K [0x00000000a0000000, 0x00000000c5780000, 0x00000000e0000000)
  object space 613888K, 47% used [0x00000000a0000000,0x00000000b1f0ad08,0x00000000c5780000)
 Metaspace       used 113578K, capacity 118878K, committed 119640K, reserved 1153024K
  class space    used 14092K, capacity 15081K, committed 15232K, reserved 1048576K
Event: 8085.577 GC heap after
Heap after GC invocations=122 (full 8):
 PSYoungGen      total 442880K, used 8319K [0x00000000e0000000, 0x00000000ff900000, 0x0000000100000000)
  eden space 368640K, 0% used [0x00000000e0000000,0x00000000e0000000,0x00000000f6800000)
  from space 74240K, 11% used [0x00000000fae80000,0x00000000fb69fc10,0x00000000ff700000)
  to   space 72192K, 0% used [0x00000000f6800000,0x00000000f6800000,0x00000000fae80000)
 ParOldGen       total 613888K, used 297307K [0x00000000a0000000, 0x00000000c5780000, 0x00000000e0000000)
  object space 613888K, 48% used [0x00000000a0000000,0x00000000b2256e48,0x00000000c5780000)
 Metaspace       used 113578K, capacity 118878K, committed 119640K, reserved 1153024K
  class space    used 14092K, capacity 15081K, committed 15232K, reserved 1048576K
}
Event: 8256.877 GC heap before
{Heap before GC invocations=123 (full 8):
 PSYoungGen      total 442880K, used 376959K [0x00000000e0000000, 0x00000000ff900000, 0x0000000100000000)
  eden space 368640K, 100% used [0x00000000e0000000,0x00000000f6800000,0x00000000f6800000)
  from space 74240K, 11% used [0x00000000fae80000,0x00000000fb69fc10,0x00000000ff700000)
  to   space 72192K, 0% used [0x00000000f6800000,0x00000000f6800000,0x00000000fae80000)
 ParOldGen       total 613888K, used 297307K [0x00000000a0000000, 0x00000000c5780000, 0x00000000e0000000)
  object space 613888K, 48% used [0x00000000a0000000,0x00000000b2256e48,0x00000000c5780000)
 Metaspace       used 114346K, capacity 119936K, committed 120536K, reserved 1155072K
  class space    used 14209K, capacity 15261K, committed 15360K, reserved 1048576K
Event: 8256.888 GC heap after
Heap after GC invocations=123 (full 8):
 PSYoungGen      total 440832K, used 2840K [0x00000000e0000000, 0x00000000ffb00000, 0x0000000100000000)
  eden space 368640K, 0% used [0x00000000e0000000,0x00000000e0000000,0x00000000f6800000)
  from space 72192K, 3% used [0x00000000f6800000,0x00000000f6ac6238,0x00000000fae80000)
  to   space 70656K, 0% used [0x00000000fb600000,0x00000000fb600000,0x00000000ffb00000)
 ParOldGen       total 613888K, used 302181K [0x00000000a0000000, 0x00000000c5780000, 0x00000000e0000000)
  object space 613888K, 49% used [0x00000000a0000000,0x00000000b27195c0,0x00000000c5780000)
 Metaspace       used 114346K, capacity 119936K, committed 120536K, reserved 1155072K
  class space    used 14209K, capacity 15261K, committed 15360K, reserved 1048576K
}

