# JRE version: OpenJDK Runtime Environment (8.0_202-b03) (build 1.8.0_202-release-1483-b03)
# Java VM: OpenJDK 64-Bit Server VM (25.202-b03 mixed mode windows-amd64 compressed oops)
Heap:
 PSYoungGen      total 409088K, used 111150K [0x00000000e0000000, 0x0000000100000000, 0x0000000100000000)
  eden space 344064K, 13% used [0x00000000e0000000,0x00000000e2d80430,0x00000000f5000000)
  from space 65024K, 99% used [0x00000000f5000000,0x00000000f8f0b3f0,0x00000000f8f80000)
  to   space 93696K, 0% used [0x00000000fa480000,0x00000000fa480000,0x0000000100000000)
 ParOldGen       total 658432K, used 103667K [0x00000000a0000000, 0x00000000c8300000, 0x00000000e0000000)
  object space 658432K, 15% used [0x00000000a0000000,0x00000000a653ce68,0x00000000c8300000)
 Metaspace       used 126139K, capacity 134424K, committed 135296K, reserved 1167360K
  class space    used 15225K, capacity 16575K, committed 16768K, reserved 1048576K
GC Heap History (10 events):
Event: 16208.541 GC heap before
{Heap before GC invocations=271 (full 11):
 PSYoungGen      total 393216K, used 392723K [0x00000000e0000000, 0x00000000ffd80000, 0x0000000100000000)
  eden space 341504K, 100% used [0x00000000e0000000,0x00000000f4d80000,0x00000000f4d80000)
  from space 51712K, 99% used [0x00000000f4d80000,0x00000000f7f84df0,0x00000000f8000000)
  to   space 90112K, 0% used [0x00000000fa580000,0x00000000fa580000,0x00000000ffd80000)
 ParOldGen       total 658432K, used 198993K [0x00000000a0000000, 0x00000000c8300000, 0x00000000e0000000)
  object space 658432K, 30% used [0x00000000a0000000,0x00000000ac254508,0x00000000c8300000)
 Metaspace       used 126203K, capacity 134808K, committed 135296K, reserved 1167360K
  class space    used 15237K, capacity 16589K, committed 16768K, reserved 1048576K
Event: 16208.562 GC heap after
Heap after GC invocations=271 (full 11):
 PSYoungGen      total 434176K, used 27467K [0x00000000e0000000, 0x0000000100000000, 0x0000000100000000)
  eden space 344064K, 0% used [0x00000000e0000000,0x00000000e0000000,0x00000000f5000000)
  from space 90112K, 30% used [0x00000000fa580000,0x00000000fc052f20,0x00000000ffd80000)
  to   space 87552K, 0% used [0x00000000f5000000,0x00000000f5000000,0x00000000fa580000)
 ParOldGen       total 658432K, used 199009K [0x00000000a0000000, 0x00000000c8300000, 0x00000000e0000000)
  object space 658432K, 30% used [0x00000000a0000000,0x00000000ac258508,0x00000000c8300000)
 Metaspace       used 126203K, capacity 134808K, committed 135296K, reserved 1167360K
  class space    used 15237K, capacity 16589K, committed 16768K, reserved 1048576K
}
Event: 16213.719 GC heap before
{Heap before GC invocations=272 (full 11):
 PSYoungGen      total 434176K, used 371531K [0x00000000e0000000, 0x0000000100000000, 0x0000000100000000)
  eden space 344064K, 100% used [0x00000000e0000000,0x00000000f5000000,0x00000000f5000000)
  from space 90112K, 30% used [0x00000000fa580000,0x00000000fc052f20,0x00000000ffd80000)
  to   space 87552K, 0% used [0x00000000f5000000,0x00000000f5000000,0x00000000fa580000)
 ParOldGen       total 658432K, used 199009K [0x00000000a0000000, 0x00000000c8300000, 0x00000000e0000000)
  object space 658432K, 30% used [0x00000000a0000000,0x00000000ac258508,0x00000000c8300000)
 Metaspace       used 126214K, capacity 134820K, committed 135296K, reserved 1167360K
  class space    used 15238K, capacity 16591K, committed 16768K, reserved 1048576K
Event: 16213.753 GC heap after
Heap after GC invocations=272 (full 11):
 PSYoungGen      total 431616K, used 50583K [0x00000000e0000000, 0x00000000ffb80000, 0x0000000100000000)
  eden space 344064K, 0% used [0x00000000e0000000,0x00000000e0000000,0x00000000f5000000)
  from space 87552K, 57% used [0x00000000f5000000,0x00000000f8165de0,0x00000000fa580000)
  to   space 86528K, 0% used [0x00000000fa700000,0x00000000fa700000,0x00000000ffb80000)
 ParOldGen       total 658432K, used 199033K [0x00000000a0000000, 0x00000000c8300000, 0x00000000e0000000)
  object space 658432K, 30% used [0x00000000a0000000,0x00000000ac25e508,0x00000000c8300000)
 Metaspace       used 126214K, capacity 134820K, committed 135296K, reserved 1167360K
  class space    used 15238K, capacity 16591K, committed 16768K, reserved 1048576K
}
Event: 16305.879 GC heap before
{Heap before GC invocations=273 (full 11):
 PSYoungGen      total 431616K, used 175140K [0x00000000e0000000, 0x00000000ffb80000, 0x0000000100000000)
  eden space 344064K, 36% used [0x00000000e0000000,0x00000000e79a3220,0x00000000f5000000)
  from space 87552K, 57% used [0x00000000f5000000,0x00000000f8165de0,0x00000000fa580000)
  to   space 86528K, 0% used [0x00000000fa700000,0x00000000fa700000,0x00000000ffb80000)
 ParOldGen       total 658432K, used 199033K [0x00000000a0000000, 0x00000000c8300000, 0x00000000e0000000)
  object space 658432K, 30% used [0x00000000a0000000,0x00000000ac25e508,0x00000000c8300000)
 Metaspace       used 126216K, capacity 134820K, committed 135296K, reserved 1167360K
  class space    used 15238K, capacity 16591K, committed 16768K, reserved 1048576K
Event: 16305.890 GC heap after
Heap after GC invocations=273 (full 11):
 PSYoungGen      total 430592K, used 2720K [0x00000000e0000000, 0x0000000100000000, 0x0000000100000000)
  eden space 344064K, 0% used [0x00000000e0000000,0x00000000e0000000,0x00000000f5000000)
  from space 86528K, 3% used [0x00000000fa700000,0x00000000fa9a8350,0x00000000ffb80000)
  to   space 89088K, 0% used [0x00000000f5000000,0x00000000f5000000,0x00000000fa700000)
 ParOldGen       total 658432K, used 199466K [0x00000000a0000000, 0x00000000c8300000, 0x00000000e0000000)
  object space 658432K, 30% used [0x00000000a0000000,0x00000000ac2ca900,0x00000000c8300000)
 Metaspace       used 126216K, capacity 134820K, committed 135296K, reserved 1167360K
  class space    used 15238K, capacity 16591K, committed 16768K, reserved 1048576K
}
Event: 16305.890 GC heap before
{Heap before GC invocations=274 (full 12):
 PSYoungGen      total 430592K, used 2720K [0x00000000e0000000, 0x0000000100000000, 0x0000000100000000)
  eden space 344064K, 0% used [0x00000000e0000000,0x00000000e0000000,0x00000000f5000000)
  from space 86528K, 3% used [0x00000000fa700000,0x00000000fa9a8350,0x00000000ffb80000)
  to   space 89088K, 0% used [0x00000000f5000000,0x00000000f5000000,0x00000000fa700000)
 ParOldGen       total 658432K, used 199466K [0x00000000a0000000, 0x00000000c8300000, 0x00000000e0000000)
  object space 658432K, 30% used [0x00000000a0000000,0x00000000ac2ca900,0x00000000c8300000)
 Metaspace       used 126216K, capacity 134820K, committed 135296K, reserved 1167360K
  class space    used 15238K, capacity 16591K, committed 16768K, reserved 1048576K
Event: 16306.398 GC heap after
Heap after GC invocations=274 (full 12):
 PSYoungGen      total 430592K, used 0K [0x00000000e0000000, 0x0000000100000000, 0x0000000100000000)
  eden space 344064K, 0% used [0x00000000e0000000,0x00000000e0000000,0x00000000f5000000)
  from space 86528K, 0% used [0x00000000fa700000,0x00000000fa700000,0x00000000ffb80000)
  to   space 89088K, 0% used [0x00000000f5000000,0x00000000f5000000,0x00000000fa700000)
 ParOldGen       total 658432K, used 103659K [0x00000000a0000000, 0x00000000c8300000, 0x00000000e0000000)
  object space 658432K, 15% used [0x00000000a0000000,0x00000000a653ae68,0x00000000c8300000)
 Metaspace       used 126113K, capacity 134400K, committed 135296K, reserved 1167360K
  class space    used 15223K, capacity 16571K, committed 16768K, reserved 1048576K
}
Event: 16529.268 GC heap before
{Heap before GC invocations=275 (full 12):
 PSYoungGen      total 430592K, used 342153K [0x00000000e0000000, 0x0000000100000000, 0x0000000100000000)
  eden space 344064K, 99% used [0x00000000e0000000,0x00000000f4e226c0,0x00000000f5000000)
  from space 86528K, 0% used [0x00000000fa700000,0x00000000fa700000,0x00000000ffb80000)
  to   space 89088K, 0% used [0x00000000f5000000,0x00000000f5000000,0x00000000fa700000)
 ParOldGen       total 658432K, used 103659K [0x00000000a0000000, 0x00000000c8300000, 0x00000000e0000000)
  object space 658432K, 15% used [0x00000000a0000000,0x00000000a653ae68,0x00000000c8300000)
 Metaspace       used 126123K, capacity 134400K, committed 135296K, reserved 1167360K
  class space    used 15223K, capacity 16571K, committed 16768K, reserved 1048576K
Event: 16529.325 GC heap after
Heap after GC invocations=275 (full 12):
 PSYoungGen      total 409088K, used 64556K [0x00000000e0000000, 0x0000000100000000, 0x0000000100000000)
  eden space 344064K, 0% used [0x00000000e0000000,0x00000000e0000000,0x00000000f5000000)
  from space 65024K, 99% used [0x00000000f5000000,0x00000000f8f0b3f0,0x00000000f8f80000)
  to   space 93696K, 0% used [0x00000000fa480000,0x00000000fa480000,0x0000000100000000)
 ParOldGen       total 658432K, used 103667K [0x00000000a0000000, 0x00000000c8300000, 0x00000000e0000000)
  object space 658432K, 15% used [0x00000000a0000000,0x00000000a653ce68,0x00000000c8300000)
 Metaspace       used 126123K, capacity 134400K, committed 135296K, reserved 1167360K
  class space    used 15223K, capacity 16571K, committed 16768K, reserved 1048576K
}

