# JRE version: OpenJDK Runtime Environment (8.0_202-b03) (build 1.8.0_202-release-1483-b03)
# Java VM: OpenJDK 64-Bit Server VM (25.202-b03 mixed mode windows-amd64 compressed oops)
Heap:
 PSYoungGen      total 443904K, used 126788K [0x00000000e0000000, 0x0000000100000000, 0x0000000100000000)
  eden space 372736K, 32% used [0x00000000e0000000,0x00000000e75f12d0,0x00000000f6c00000)
  from space 71168K, 8% used [0x00000000f6c00000,0x00000000f71e0010,0x00000000fb180000)
  to   space 68608K, 0% used [0x00000000fbd00000,0x00000000fbd00000,0x0000000100000000)
 ParOldGen       total 393216K, used 149900K [0x00000000a0000000, 0x00000000b8000000, 0x00000000e0000000)
  object space 393216K, 38% used [0x00000000a0000000,0x00000000a9263178,0x00000000b8000000)
 Metaspace       used 104515K, capacity 108692K, committed 109656K, reserved 1144832K
  class space    used 13163K, capacity 13987K, committed 14208K, reserved 1048576K
GC Heap History (10 events):
Event: 8359.737 GC heap before
{Heap before GC invocations=54 (full 7):
 PSYoungGen      total 431616K, used 8496K [0x00000000e0000000, 0x0000000100000000, 0x0000000100000000)
  eden space 349184K, 0% used [0x00000000e0000000,0x00000000e0000000,0x00000000f5500000)
  from space 82432K, 10% used [0x00000000f5500000,0x00000000f5d4c050,0x00000000fa580000)
  to   space 79872K, 0% used [0x00000000fb200000,0x00000000fb200000,0x0000000100000000)
 ParOldGen       total 483328K, used 428874K [0x00000000a0000000, 0x00000000bd800000, 0x00000000e0000000)
  object space 483328K, 88% used [0x00000000a0000000,0x00000000ba2d2888,0x00000000bd800000)
 Metaspace       used 104892K, capacity 109344K, committed 109656K, reserved 1144832K
  class space    used 13239K, capacity 14118K, committed 14208K, reserved 1048576K
Event: 8360.212 GC heap after
Heap after GC invocations=54 (full 7):
 PSYoungGen      total 431616K, used 0K [0x00000000e0000000, 0x0000000100000000, 0x0000000100000000)
  eden space 349184K, 0% used [0x00000000e0000000,0x00000000e0000000,0x00000000f5500000)
  from space 82432K, 0% used [0x00000000f5500000,0x00000000f5500000,0x00000000fa580000)
  to   space 79872K, 0% used [0x00000000fb200000,0x00000000fb200000,0x0000000100000000)
 ParOldGen       total 393216K, used 127006K [0x00000000a0000000, 0x00000000b8000000, 0x00000000e0000000)
  object space 393216K, 32% used [0x00000000a0000000,0x00000000a7c07840,0x00000000b8000000)
 Metaspace       used 104498K, capacity 108628K, committed 109656K, reserved 1144832K
  class space    used 13163K, capacity 13987K, committed 14208K, reserved 1048576K
}
Event: 8361.089 GC heap before
{Heap before GC invocations=55 (full 7):
 PSYoungGen      total 431616K, used 349184K [0x00000000e0000000, 0x0000000100000000, 0x0000000100000000)
  eden space 349184K, 100% used [0x00000000e0000000,0x00000000f5500000,0x00000000f5500000)
  from space 82432K, 0% used [0x00000000f5500000,0x00000000f5500000,0x00000000fa580000)
  to   space 79872K, 0% used [0x00000000fb200000,0x00000000fb200000,0x0000000100000000)
 ParOldGen       total 393216K, used 127006K [0x00000000a0000000, 0x00000000b8000000, 0x00000000e0000000)
  object space 393216K, 32% used [0x00000000a0000000,0x00000000a7c07840,0x00000000b8000000)
 Metaspace       used 104509K, capacity 108628K, committed 109656K, reserved 1144832K
  class space    used 13163K, capacity 13987K, committed 14208K, reserved 1048576K
Event: 8361.102 GC heap after
Heap after GC invocations=55 (full 7):
 PSYoungGen      total 433152K, used 10357K [0x00000000e0000000, 0x00000000ff780000, 0x0000000100000000)
  eden space 361984K, 0% used [0x00000000e0000000,0x00000000e0000000,0x00000000f6180000)
  from space 71168K, 14% used [0x00000000fb200000,0x00000000fbc1d788,0x00000000ff780000)
  to   space 76800K, 0% used [0x00000000f6180000,0x00000000f6180000,0x00000000fac80000)
 ParOldGen       total 393216K, used 127006K [0x00000000a0000000, 0x00000000b8000000, 0x00000000e0000000)
  object space 393216K, 32% used [0x00000000a0000000,0x00000000a7c07840,0x00000000b8000000)
 Metaspace       used 104509K, capacity 108628K, committed 109656K, reserved 1144832K
  class space    used 13163K, capacity 13987K, committed 14208K, reserved 1048576K
}
Event: 8361.844 GC heap before
{Heap before GC invocations=56 (full 7):
 PSYoungGen      total 433152K, used 372341K [0x00000000e0000000, 0x00000000ff780000, 0x0000000100000000)
  eden space 361984K, 100% used [0x00000000e0000000,0x00000000f6180000,0x00000000f6180000)
  from space 71168K, 14% used [0x00000000fb200000,0x00000000fbc1d788,0x00000000ff780000)
  to   space 76800K, 0% used [0x00000000f6180000,0x00000000f6180000,0x00000000fac80000)
 ParOldGen       total 393216K, used 127006K [0x00000000a0000000, 0x00000000b8000000, 0x00000000e0000000)
  object space 393216K, 32% used [0x00000000a0000000,0x00000000a7c07840,0x00000000b8000000)
 Metaspace       used 104511K, capacity 108692K, committed 109656K, reserved 1144832K
  class space    used 13163K, capacity 13987K, committed 14208K, reserved 1048576K
Event: 8361.871 GC heap after
Heap after GC invocations=56 (full 7):
 PSYoungGen      total 438784K, used 4512K [0x00000000e0000000, 0x0000000100000000, 0x0000000100000000)
  eden space 361984K, 0% used [0x00000000e0000000,0x00000000e0000000,0x00000000f6180000)
  from space 76800K, 5% used [0x00000000f6180000,0x00000000f65e8010,0x00000000fac80000)
  to   space 74752K, 0% used [0x00000000fb700000,0x00000000fb700000,0x0000000100000000)
 ParOldGen       total 393216K, used 136295K [0x00000000a0000000, 0x00000000b8000000, 0x00000000e0000000)
  object space 393216K, 34% used [0x00000000a0000000,0x00000000a8519e00,0x00000000b8000000)
 Metaspace       used 104511K, capacity 108692K, committed 109656K, reserved 1144832K
  class space    used 13163K, capacity 13987K, committed 14208K, reserved 1048576K
}
Event: 8362.723 GC heap before
{Heap before GC invocations=57 (full 7):
 PSYoungGen      total 438784K, used 366375K [0x00000000e0000000, 0x0000000100000000, 0x0000000100000000)
  eden space 361984K, 99% used [0x00000000e0000000,0x00000000f6161ee0,0x00000000f6180000)
  from space 76800K, 5% used [0x00000000f6180000,0x00000000f65e8010,0x00000000fac80000)
  to   space 74752K, 0% used [0x00000000fb700000,0x00000000fb700000,0x0000000100000000)
 ParOldGen       total 393216K, used 136295K [0x00000000a0000000, 0x00000000b8000000, 0x00000000e0000000)
  object space 393216K, 34% used [0x00000000a0000000,0x00000000a8519e00,0x00000000b8000000)
 Metaspace       used 104513K, capacity 108692K, committed 109656K, reserved 1144832K
  class space    used 13163K, capacity 13987K, committed 14208K, reserved 1048576K
Event: 8362.801 GC heap after
Heap after GC invocations=57 (full 7):
 PSYoungGen      total 438272K, used 10880K [0x00000000e0000000, 0x00000000ff700000, 0x0000000100000000)
  eden space 372736K, 0% used [0x00000000e0000000,0x00000000e0000000,0x00000000f6c00000)
  from space 65536K, 16% used [0x00000000fb700000,0x00000000fc1a0010,0x00000000ff700000)
  to   space 71168K, 0% used [0x00000000f6c00000,0x00000000f6c00000,0x00000000fb180000)
 ParOldGen       total 393216K, used 140463K [0x00000000a0000000, 0x00000000b8000000, 0x00000000e0000000)
  object space 393216K, 35% used [0x00000000a0000000,0x00000000a892be30,0x00000000b8000000)
 Metaspace       used 104513K, capacity 108692K, committed 109656K, reserved 1144832K
  class space    used 13163K, capacity 13987K, committed 14208K, reserved 1048576K
}
Event: 8363.874 GC heap before
{Heap before GC invocations=58 (full 7):
 PSYoungGen      total 438272K, used 383616K [0x00000000e0000000, 0x00000000ff700000, 0x0000000100000000)
  eden space 372736K, 100% used [0x00000000e0000000,0x00000000f6c00000,0x00000000f6c00000)
  from space 65536K, 16% used [0x00000000fb700000,0x00000000fc1a0010,0x00000000ff700000)
  to   space 71168K, 0% used [0x00000000f6c00000,0x00000000f6c00000,0x00000000fb180000)
 ParOldGen       total 393216K, used 140463K [0x00000000a0000000, 0x00000000b8000000, 0x00000000e0000000)
  object space 393216K, 35% used [0x00000000a0000000,0x00000000a892be30,0x00000000b8000000)
 Metaspace       used 104514K, capacity 108692K, committed 109656K, reserved 1144832K
  class space    used 13163K, capacity 13987K, committed 14208K, reserved 1048576K
Event: 8363.905 GC heap after
Heap after GC invocations=58 (full 7):
 PSYoungGen      total 443904K, used 6016K [0x00000000e0000000, 0x0000000100000000, 0x0000000100000000)
  eden space 372736K, 0% used [0x00000000e0000000,0x00000000e0000000,0x00000000f6c00000)
  from space 71168K, 8% used [0x00000000f6c00000,0x00000000f71e0010,0x00000000fb180000)
  to   space 68608K, 0% used [0x00000000fbd00000,0x00000000fbd00000,0x0000000100000000)
 ParOldGen       total 393216K, used 149900K [0x00000000a0000000, 0x00000000b8000000, 0x00000000e0000000)
  object space 393216K, 38% used [0x00000000a0000000,0x00000000a9263178,0x00000000b8000000)
 Metaspace       used 104514K, capacity 108692K, committed 109656K, reserved 1144832K
  class space    used 13163K, capacity 13987K, committed 14208K, reserved 1048576K
}

