# JRE version: OpenJDK Runtime Environment (8.0_202-b03) (build 1.8.0_202-release-1483-b03)
# Java VM: OpenJDK 64-Bit Server VM (25.202-b03 mixed mode windows-amd64 compressed oops)
Heap:
 PSYoungGen      total 418304K, used 348816K [0x00000000e0000000, 0x00000000fe900000, 0x0000000100000000)
  eden space 332800K, 100% used [0x00000000e0000000,0x00000000f4500000,0x00000000f4500000)
  from space 85504K, 18% used [0x00000000f9580000,0x00000000fa524050,0x00000000fe900000)
  to   space 82432K, 7% used [0x00000000f4500000,0x00000000f4b121e0,0x00000000f9580000)
 ParOldGen       total 508928K, used 85686K [0x00000000a0000000, 0x00000000bf100000, 0x00000000e0000000)
  object space 508928K, 16% used [0x00000000a0000000,0x00000000a53ada18,0x00000000bf100000)
 Metaspace       used 117761K, capacity 125734K, committed 126168K, reserved 1159168K
  class space    used 14428K, capacity 15787K, committed 15872K, reserved 1048576K
GC Heap History (10 events):
Event: 26791.717 GC heap after
Heap after GC invocations=222 (full 15):
 PSYoungGen      total 414720K, used 1768K [0x00000000e0000000, 0x00000000ffc80000, 0x0000000100000000)
  eden space 316416K, 0% used [0x00000000e0000000,0x00000000e0000000,0x00000000f3500000)
  from space 98304K, 1% used [0x00000000f3500000,0x00000000f36ba2d8,0x00000000f9500000)
  to   space 95744K, 0% used [0x00000000f9f00000,0x00000000f9f00000,0x00000000ffc80000)
 ParOldGen       total 508928K, used 214127K [0x00000000a0000000, 0x00000000bf100000, 0x00000000e0000000)
  object space 508928K, 42% used [0x00000000a0000000,0x00000000ad11be70,0x00000000bf100000)
 Metaspace       used 117848K, capacity 126028K, committed 126168K, reserved 1159168K
  class space    used 14447K, capacity 15818K, committed 15872K, reserved 1048576K
}
Event: 26804.116 GC heap before
{Heap before GC invocations=223 (full 15):
 PSYoungGen      total 414720K, used 318184K [0x00000000e0000000, 0x00000000ffc80000, 0x0000000100000000)
  eden space 316416K, 100% used [0x00000000e0000000,0x00000000f3500000,0x00000000f3500000)
  from space 98304K, 1% used [0x00000000f3500000,0x00000000f36ba2d8,0x00000000f9500000)
  to   space 95744K, 0% used [0x00000000f9f00000,0x00000000f9f00000,0x00000000ffc80000)
 ParOldGen       total 508928K, used 214127K [0x00000000a0000000, 0x00000000bf100000, 0x00000000e0000000)
  object space 508928K, 42% used [0x00000000a0000000,0x00000000ad11be70,0x00000000bf100000)
 Metaspace       used 117864K, capacity 126032K, committed 126168K, reserved 1159168K
  class space    used 14447K, capacity 15818K, committed 15872K, reserved 1048576K
Event: 26804.145 GC heap after
Heap after GC invocations=223 (full 15):
 PSYoungGen      total 410624K, used 15112K [0x00000000e0000000, 0x00000000ff080000, 0x0000000100000000)
  eden space 327168K, 0% used [0x00000000e0000000,0x00000000e0000000,0x00000000f3f80000)
  from space 83456K, 18% used [0x00000000f9f00000,0x00000000fadc21d0,0x00000000ff080000)
  to   space 90624K, 0% used [0x00000000f3f80000,0x00000000f3f80000,0x00000000f9800000)
 ParOldGen       total 508928K, used 214135K [0x00000000a0000000, 0x00000000bf100000, 0x00000000e0000000)
  object space 508928K, 42% used [0x00000000a0000000,0x00000000ad11de70,0x00000000bf100000)
 Metaspace       used 117864K, capacity 126032K, committed 126168K, reserved 1159168K
  class space    used 14447K, capacity 15818K, committed 15872K, reserved 1048576K
}
Event: 26986.358 GC heap before
{Heap before GC invocations=224 (full 15):
 PSYoungGen      total 410624K, used 317231K [0x00000000e0000000, 0x00000000ff080000, 0x0000000100000000)
  eden space 327168K, 92% used [0x00000000e0000000,0x00000000f2709c90,0x00000000f3f80000)
  from space 83456K, 18% used [0x00000000f9f00000,0x00000000fadc21d0,0x00000000ff080000)
  to   space 90624K, 0% used [0x00000000f3f80000,0x00000000f3f80000,0x00000000f9800000)
 ParOldGen       total 508928K, used 214135K [0x00000000a0000000, 0x00000000bf100000, 0x00000000e0000000)
  object space 508928K, 42% used [0x00000000a0000000,0x00000000ad11de70,0x00000000bf100000)
 Metaspace       used 117872K, capacity 126096K, committed 126168K, reserved 1159168K
  class space    used 14447K, capacity 15818K, committed 15872K, reserved 1048576K
Event: 26986.367 GC heap after
Heap after GC invocations=224 (full 15):
 PSYoungGen      total 329216K, used 1768K [0x00000000e0000000, 0x00000000feb80000, 0x0000000100000000)
  eden space 327168K, 0% used [0x00000000e0000000,0x00000000e0000000,0x00000000f3f80000)
  from space 2048K, 86% used [0x00000000f3f80000,0x00000000f413a2d8,0x00000000f4180000)
  to   space 88064K, 0% used [0x00000000f9580000,0x00000000f9580000,0x00000000feb80000)
 ParOldGen       total 508928K, used 214143K [0x00000000a0000000, 0x00000000bf100000, 0x00000000e0000000)
  object space 508928K, 42% used [0x00000000a0000000,0x00000000ad11fe70,0x00000000bf100000)
 Metaspace       used 117872K, capacity 126096K, committed 126168K, reserved 1159168K
  class space    used 14447K, capacity 15818K, committed 15872K, reserved 1048576K
}
Event: 26986.367 GC heap before
{Heap before GC invocations=225 (full 16):
 PSYoungGen      total 329216K, used 1768K [0x00000000e0000000, 0x00000000feb80000, 0x0000000100000000)
  eden space 327168K, 0% used [0x00000000e0000000,0x00000000e0000000,0x00000000f3f80000)
  from space 2048K, 86% used [0x00000000f3f80000,0x00000000f413a2d8,0x00000000f4180000)
  to   space 88064K, 0% used [0x00000000f9580000,0x00000000f9580000,0x00000000feb80000)
 ParOldGen       total 508928K, used 214143K [0x00000000a0000000, 0x00000000bf100000, 0x00000000e0000000)
  object space 508928K, 42% used [0x00000000a0000000,0x00000000ad11fe70,0x00000000bf100000)
 Metaspace       used 117872K, capacity 126096K, committed 126168K, reserved 1159168K
  class space    used 14447K, capacity 15818K, committed 15872K, reserved 1048576K
Event: 26986.939 GC heap after
Heap after GC invocations=225 (full 16):
 PSYoungGen      total 329216K, used 0K [0x00000000e0000000, 0x00000000feb80000, 0x0000000100000000)
  eden space 327168K, 0% used [0x00000000e0000000,0x00000000e0000000,0x00000000f3f80000)
  from space 2048K, 0% used [0x00000000f3f80000,0x00000000f3f80000,0x00000000f4180000)
  to   space 88064K, 0% used [0x00000000f9580000,0x00000000f9580000,0x00000000feb80000)
 ParOldGen       total 508928K, used 85686K [0x00000000a0000000, 0x00000000bf100000, 0x00000000e0000000)
  object space 508928K, 16% used [0x00000000a0000000,0x00000000a53ada18,0x00000000bf100000)
 Metaspace       used 117742K, capacity 125730K, committed 126168K, reserved 1159168K
  class space    used 14428K, capacity 15787K, committed 15872K, reserved 1048576K
}
Event: 27118.686 GC heap before
{Heap before GC invocations=226 (full 16):
 PSYoungGen      total 329216K, used 327168K [0x00000000e0000000, 0x00000000feb80000, 0x0000000100000000)
  eden space 327168K, 100% used [0x00000000e0000000,0x00000000f3f80000,0x00000000f3f80000)
  from space 2048K, 0% used [0x00000000f3f80000,0x00000000f3f80000,0x00000000f4180000)
  to   space 88064K, 0% used [0x00000000f9580000,0x00000000f9580000,0x00000000feb80000)
 ParOldGen       total 508928K, used 85686K [0x00000000a0000000, 0x00000000bf100000, 0x00000000e0000000)
  object space 508928K, 16% used [0x00000000a0000000,0x00000000a53ada18,0x00000000bf100000)
 Metaspace       used 117757K, capacity 125730K, committed 126168K, reserved 1159168K
  class space    used 14428K, capacity 15787K, committed 15872K, reserved 1048576K
Event: 27118.710 GC heap after
Heap after GC invocations=226 (full 16):
 PSYoungGen      total 418304K, used 16016K [0x00000000e0000000, 0x00000000fe900000, 0x0000000100000000)
  eden space 332800K, 0% used [0x00000000e0000000,0x00000000e0000000,0x00000000f4500000)
  from space 85504K, 18% used [0x00000000f9580000,0x00000000fa524050,0x00000000fe900000)
  to   space 82432K, 0% used [0x00000000f4500000,0x00000000f4500000,0x00000000f9580000)
 ParOldGen       total 508928K, used 85686K [0x00000000a0000000, 0x00000000bf100000, 0x00000000e0000000)
  object space 508928K, 16% used [0x00000000a0000000,0x00000000a53ada18,0x00000000bf100000)
 Metaspace       used 117757K, capacity 125730K, committed 126168K, reserved 1159168K
  class space    used 14428K, capacity 15787K, committed 15872K, reserved 1048576K
}
Event: 27233.582 GC heap before
{Heap before GC invocations=227 (full 16):
 PSYoungGen      total 418304K, used 348816K [0x00000000e0000000, 0x00000000fe900000, 0x0000000100000000)
  eden space 332800K, 100% used [0x00000000e0000000,0x00000000f4500000,0x00000000f4500000)
  from space 85504K, 18% used [0x00000000f9580000,0x00000000fa524050,0x00000000fe900000)
  to   space 82432K, 0% used [0x00000000f4500000,0x00000000f4500000,0x00000000f9580000)
 ParOldGen       total 508928K, used 85686K [0x00000000a0000000, 0x00000000bf100000, 0x00000000e0000000)
  object space 508928K, 16% used [0x00000000a0000000,0x00000000a53ada18,0x00000000bf100000)
 Metaspace       used 117761K, capacity 125734K, committed 126168K, reserved 1159168K
  class space    used 14428K, capacity 15787K, committed 15872K, reserved 1048576K

